<?xml version="1.0" encoding="UTF-8"?>
<!-- Generated by org.testng.reporters.JUnitXMLReporter -->
<testsuite ignored="1" hostname="DESKTOP-LQT9G9K" failures="0" tests="1" name="Default test" time="0.075" errors="0" timestamp="11 Jan 2023 18:00:28 GMT">
  <testcase classname="com.ipl.rcbteam.testcases.RCBTeamValidationTest" name="validateForeignPlayer" time="0.012"/>
  <testcase classname="com.ipl.rcbteam.testcases.RCBTeamValidationTest" name="validateWicketKeeper" time="0.0">
    <ignored/>
  </testcase> <!-- validateWicketKeeper -->
</testsuite> <!-- Default test -->
