<?xml version="1.0" encoding="UTF-8"?>
<!-- Generated by org.testng.reporters.JUnitXMLReporter -->
<testsuite ignored="0" hostname="DESKTOP-LQT9G9K" failures="0" tests="2" name="Test" time="0.083" errors="0" timestamp="11 Jan 2023 18:48:45 GMT">
  <testcase classname="com.ipl.rcbteam.testcases.RCBTeamValidationTest" name="validateForeignPlayer" time="0.009"/>
  <testcase classname="com.ipl.rcbteam.testcases.RCBTeamValidationTest" name="validateWicketKeeper" time="0.002"/>
</testsuite> <!-- Test -->
