<?xml version="1.0" encoding="UTF-8"?>
<testng-results ignored="1" total="2" passed="1" failed="0" skipped="0">
  <reporter-output>
  </reporter-output>
  <suite started-at="2023-01-11T18:00:28Z" name="Default suite" finished-at="2023-01-11T18:00:28Z" duration-ms="75">
    <groups>
    </groups>
    <test started-at="2023-01-11T18:00:28Z" name="Default test" finished-at="2023-01-11T18:00:28Z" duration-ms="75">
      <class name="com.ipl.rcbteam.testcases.RCBTeamValidationTest">
        <test-method is-config="true" signature="preSetUp()[pri:0, instance:com.ipl.rcbteam.testcases.RCBTeamValidationTest@1672fe87]" started-at="2023-01-11T18:00:28Z" name="preSetUp" finished-at="2023-01-11T18:00:28Z" duration-ms="28" status="PASS">
          <reporter-output>
          </reporter-output>
        </test-method> <!-- preSetUp -->
        <test-method signature="validateForeignPlayer(int)[pri:0, instance:com.ipl.rcbteam.testcases.RCBTeamValidationTest@1672fe87]" started-at="2023-01-11T18:00:28Z" name="validateForeignPlayer" finished-at="2023-01-11T18:00:28Z" duration-ms="12" status="PASS">
          <params>
            <param index="0">
              <value>
                <![CDATA[4]]>
              </value>
            </param>
          </params>
          <reporter-output>
          </reporter-output>
        </test-method> <!-- validateForeignPlayer -->
      </class> <!-- com.ipl.rcbteam.testcases.RCBTeamValidationTest -->
    </test> <!-- Default test -->
  </suite> <!-- Default suite -->
</testng-results>
